Using pre-set license
Built from '2020.2/release' branch; Version is '2020.2.1f1 (270dd8c3da1c) revision 2559448'; Using compiler version '192528614'; Build Type 'Release'
OS: 'Windows 10  (10.0.0) 64bit' Language: 'en' Physical Memory: 8150 MB
BatchMode: 1, IsHumanControllingUs: 0, StartBugReporterOnCrash: 0, Is64bit: 1, IsPro: 0

 COMMAND LINE ARGUMENTS:
C:\Program Files\Unity\Hub\Editor\2020.2.1f1\Editor\Unity.exe
-adb2
-batchMode
-noUpm
-name
AssetImportWorker3
-projectPath
C:/Users/notar/Documents/git/Dieng-Temple-App/DTA
-logFile
Logs/AssetImportWorker3.log
-srvPort
63806
Successfully changed project path to: C:/Users/notar/Documents/git/Dieng-Temple-App/DTA
C:/Users/notar/Documents/git/Dieng-Temple-App/DTA
Using Asset Import Pipeline V2.
Refreshing native plugins compatible for Editor in 24.43 ms, found 0 plugins.
Preloading 0 native plugins for Editor in 0.00 ms.
Initialize engine version: 2020.2.1f1 (270dd8c3da1c)
[Subsystems] Discovering subsystems at path C:/Program Files/Unity/Hub/Editor/2020.2.1f1/Editor/Data/Resources/UnitySubsystems
[Subsystems] Discovering subsystems at path C:/Users/notar/Documents/git/Dieng-Temple-App/DTA/Assets
GfxDevice: creating device client; threaded=0
Direct3D:
    Version:  Direct3D 11.0 [level 11.1]
    Renderer: Radeon(TM) RX 460 Graphics (ID=0x67ef)
    Vendor:   
    VRAM:     2027 MB
    Driver:   27.20.1034.6
Initialize mono
Mono path[0] = 'C:/Program Files/Unity/Hub/Editor/2020.2.1f1/Editor/Data/Managed'
Mono path[1] = 'C:/Program Files/Unity/Hub/Editor/2020.2.1f1/Editor/Data/MonoBleedingEdge/lib/mono/unityjit'
Mono config path = 'C:/Program Files/Unity/Hub/Editor/2020.2.1f1/Editor/Data/MonoBleedingEdge/etc'
Using monoOptions --debugger-agent=transport=dt_socket,embedding=1,server=y,suspend=n,address=127.0.0.1:56016
Begin MonoManager ReloadAssembly
Registering precompiled unity dll's ...
Register platform support module: C:/Program Files/Unity/Hub/Editor/2020.2.1f1/Editor/Data/PlaybackEngines/WindowsStandaloneSupport/UnityEditor.WindowsStandalone.Extensions.dll
Registered in 0.002038 seconds.
Native extension for WindowsStandalone target not found
Refreshing native plugins compatible for Editor in 23.20 ms, found 0 plugins.
Preloading 0 native plugins for Editor in 0.00 ms.
Invoked RoslynAnalysisRunner static constructor.
RoslynAnalysisRunner will not be running.
RoslynAnalysisRunner has terminated.
Mono: successfully reloaded assembly
- Completed reload, in  2.067 seconds
Platform modules already initialized, skipping
Registering precompiled user dll's ...
Registered in 0.000781 seconds.
Begin MonoManager ReloadAssembly
Native extension for WindowsStandalone target not found
Refreshing native plugins compatible for Editor in 0.33 ms, found 0 plugins.
Preloading 0 native plugins for Editor in 0.00 ms.
Invoked RoslynAnalysisRunner static constructor.
RoslynAnalysisRunner will not be running.
RoslynAnalysisRunner has terminated.
Mono: successfully reloaded assembly
- Completed reload, in  2.100 seconds
Platform modules already initialized, skipping
========================================================================
Worker process is ready to serve import requests
Launched and connected shader compiler UnityShaderCompiler.exe after 0.39 seconds
Refreshing native plugins compatible for Editor in 0.19 ms, found 0 plugins.
Preloading 0 native plugins for Editor in 0.00 ms.
Unloading 1095 Unused Serialized files (Serialized files now loaded: 0)
System memory in use before: 56.5 MB.
System memory in use after: 56.5 MB.

Unloading 10 unused Assets to reduce memory usage. Loaded Objects now: 1535.
Total: 3.429900 ms (FindLiveObjects: 0.275500 ms CreateObjectMapping: 0.212700 ms MarkObjects: 2.817800 ms  DeleteObjects: 0.120700 ms)

========================================================================
Received Import Request.
  path: Assets/3D Assets/ArjunaBase.fbx
  artifactKey: Guid(79239ce41c09f5b448e99b29e636bdf1) Importer(815301076,1909f56bfc062723c751e8b465ee728b)
Start importing Assets/3D Assets/ArjunaBase.fbx using Guid(79239ce41c09f5b448e99b29e636bdf1) Importer(815301076,1909f56bfc062723c751e8b465ee728b)  -> (artifact id: '71d039a9f7ce2a5fba8b6361c67bce8c') in 0.867302 seconds
  Import took 0.890854 seconds .

========================================================================
Received Import Request.
  Time since last request: 0.000286 seconds.
  path: Assets/3D Assets/CandiArjuna.fbx
  artifactKey: Guid(84df64842de333a4195f154a92f3ed54) Importer(815301076,1909f56bfc062723c751e8b465ee728b)
Start importing Assets/3D Assets/CandiArjuna.fbx using Guid(84df64842de333a4195f154a92f3ed54) Importer(815301076,1909f56bfc062723c751e8b465ee728b)  -> (artifact id: '40fc780f4795a86db4e5069241705a14') in 0.193025 seconds
  Import took 0.239540 seconds .

========================================================================
Received Import Request.
  Time since last request: 0.000313 seconds.
  path: Assets/3D Assets/ArjunaBody.fbx
  artifactKey: Guid(0afedc7568e220b4aae50ce92ce2c353) Importer(815301076,1909f56bfc062723c751e8b465ee728b)
Start importing Assets/3D Assets/ArjunaBody.fbx using Guid(0afedc7568e220b4aae50ce92ce2c353) Importer(815301076,1909f56bfc062723c751e8b465ee728b)  -> (artifact id: '0e21e2cc084f893e547f6481c7ccd676') in 0.049758 seconds
  Import took 0.061658 seconds .

========================================================================
Received Import Request.
  Time since last request: 0.000196 seconds.
  path: Assets/3D Assets/ArjunaTop.fbx
  artifactKey: Guid(2b183bb2f8ec4264aa9ac52a1667aa3e) Importer(815301076,1909f56bfc062723c751e8b465ee728b)
Start importing Assets/3D Assets/ArjunaTop.fbx using Guid(2b183bb2f8ec4264aa9ac52a1667aa3e) Importer(815301076,1909f56bfc062723c751e8b465ee728b)  -> (artifact id: 'bccc8c072bee5ec294dfc1d56d882b15') in 0.029414 seconds
  Import took 0.031734 seconds .

========================================================================
Received Import Request.
  Time since last request: 97.821855 seconds.
  path: Assets/3D Assets/New Terrain Material.mat
  artifactKey: Guid(c3c44c9b6a73e7a4b95525fa55224b13) Importer(815301076,1909f56bfc062723c751e8b465ee728b)
Start importing Assets/3D Assets/New Terrain Material.mat using Guid(c3c44c9b6a73e7a4b95525fa55224b13) Importer(815301076,1909f56bfc062723c751e8b465ee728b)  -> (artifact id: 'a57c3ddd6e73aaa7fc01d9c02d5358e9') in 0.223840 seconds
  Import took 0.226785 seconds .

========================================================================
Received Import Request.
  Time since last request: 1119.059905 seconds.
  path: Assets/Scenes/CobaCandi.unity
  artifactKey: Guid(9fc0d4010bbf28b4594072e72b8655ab) Importer(815301076,1909f56bfc062723c751e8b465ee728b)
Start importing Assets/Scenes/CobaCandi.unity using Guid(9fc0d4010bbf28b4594072e72b8655ab) Importer(815301076,1909f56bfc062723c751e8b465ee728b)  -> (artifact id: '1fffbc38bcab60b453c1e308f0bf445a') in 0.010566 seconds
  Import took 0.030489 seconds .

========================================================================
Received Prepare
Registering precompiled user dll's ...
Registered in 0.000729 seconds.
Begin MonoManager ReloadAssembly
Native extension for WindowsStandalone target not found
Refreshing native plugins compatible for Editor in 0.20 ms, found 0 plugins.
Preloading 0 native plugins for Editor in 0.00 ms.
Invoked RoslynAnalysisRunner static constructor.
RoslynAnalysisRunner will not be running.
RoslynAnalysisRunner has terminated.
Mono: successfully reloaded assembly
- Completed reload, in  0.803 seconds
Platform modules already initialized, skipping
Refreshing native plugins compatible for Editor in 0.19 ms, found 0 plugins.
Preloading 0 native plugins for Editor in 0.00 ms.
Unloading 1092 Unused Serialized files (Serialized files now loaded: 0)
System memory in use before: 71.5 MB.
System memory in use after: 71.6 MB.

Unloading 5 unused Assets to reduce memory usage. Loaded Objects now: 1594.
Total: 2.113400 ms (FindLiveObjects: 0.133500 ms CreateObjectMapping: 0.036800 ms MarkObjects: 1.880700 ms  DeleteObjects: 0.060600 ms)

AssetImportWorkerClient::OnTransportError - code=2 error=End of file
