Using pre-set license
Built from '2020.2/release' branch; Version is '2020.2.1f1 (270dd8c3da1c) revision 2559448'; Using compiler version '192528614'; Build Type 'Release'
OS: 'Windows 10  (10.0.0) 64bit' Language: 'en' Physical Memory: 8150 MB
BatchMode: 1, IsHumanControllingUs: 0, StartBugReporterOnCrash: 0, Is64bit: 1, IsPro: 0

 COMMAND LINE ARGUMENTS:
C:\Program Files\Unity\Hub\Editor\2020.2.1f1\Editor\Unity.exe
-adb2
-batchMode
-noUpm
-name
AssetImportWorker0
-projectPath
C:/Users/notar/Documents/git/Dieng-Temple-App/Dieng Temple App
-logFile
Logs/AssetImportWorker0.log
-srvPort
59166
Successfully changed project path to: C:/Users/notar/Documents/git/Dieng-Temple-App/Dieng Temple App
C:/Users/notar/Documents/git/Dieng-Temple-App/Dieng Temple App
Using Asset Import Pipeline V2.
Refreshing native plugins compatible for Editor in 59.50 ms, found 0 plugins.
Preloading 0 native plugins for Editor in 0.00 ms.
Initialize engine version: 2020.2.1f1 (270dd8c3da1c)
[Subsystems] Discovering subsystems at path C:/Program Files/Unity/Hub/Editor/2020.2.1f1/Editor/Data/Resources/UnitySubsystems
[Subsystems] Discovering subsystems at path C:/Users/notar/Documents/git/Dieng-Temple-App/Dieng Temple App/Assets
GfxDevice: creating device client; threaded=0
Direct3D:
    Version:  Direct3D 11.0 [level 11.1]
    Renderer: Radeon(TM) RX 460 Graphics (ID=0x67ef)
    Vendor:   
    VRAM:     1993 MB
    Driver:   26.20.12028.2
Initialize mono
Mono path[0] = 'C:/Program Files/Unity/Hub/Editor/2020.2.1f1/Editor/Data/Managed'
Mono path[1] = 'C:/Program Files/Unity/Hub/Editor/2020.2.1f1/Editor/Data/MonoBleedingEdge/lib/mono/unityjit'
Mono config path = 'C:/Program Files/Unity/Hub/Editor/2020.2.1f1/Editor/Data/MonoBleedingEdge/etc'
Using monoOptions --debugger-agent=transport=dt_socket,embedding=1,server=y,suspend=n,address=127.0.0.1:56968
Begin MonoManager ReloadAssembly
Registering precompiled unity dll's ...
Register platform support module: C:/Program Files/Unity/Hub/Editor/2020.2.1f1/Editor/Data/PlaybackEngines/WindowsStandaloneSupport/UnityEditor.WindowsStandalone.Extensions.dll
Registered in 0.001994 seconds.
Native extension for WindowsStandalone target not found
Refreshing native plugins compatible for Editor in 23.60 ms, found 0 plugins.
Preloading 0 native plugins for Editor in 0.00 ms.
Invoked RoslynAnalysisRunner static constructor.
RoslynAnalysisRunner will not be running.
RoslynAnalysisRunner has terminated.
Mono: successfully reloaded assembly
- Completed reload, in  2.045 seconds
Platform modules already initialized, skipping
Registering precompiled user dll's ...
Registered in 0.028177 seconds.
Begin MonoManager ReloadAssembly
Native extension for WindowsStandalone target not found
Refreshing native plugins compatible for Editor in 0.20 ms, found 0 plugins.
Preloading 0 native plugins for Editor in 0.00 ms.
Invoked RoslynAnalysisRunner static constructor.
RoslynAnalysisRunner will not be running.
RoslynAnalysisRunner has terminated.
Mono: successfully reloaded assembly
- Completed reload, in  1.269 seconds
Platform modules already initialized, skipping
========================================================================
Worker process is ready to serve import requests
Launched and connected shader compiler UnityShaderCompiler.exe after 0.07 seconds
Refreshing native plugins compatible for Editor in 0.19 ms, found 0 plugins.
Preloading 0 native plugins for Editor in 0.00 ms.
Unloading 1094 Unused Serialized files (Serialized files now loaded: 0)
System memory in use before: 56.0 MB.
System memory in use after: 56.0 MB.

Unloading 10 unused Assets to reduce memory usage. Loaded Objects now: 1533.
Total: 1.865600 ms (FindLiveObjects: 0.152400 ms CreateObjectMapping: 0.182200 ms MarkObjects: 1.437400 ms  DeleteObjects: 0.092500 ms)

========================================================================
Received Import Request.
  path: Assets
  artifactKey: Guid(00000000000000001000000000000000) Importer(815301076,1909f56bfc062723c751e8b465ee728b)
Start importing Assets using Guid(00000000000000001000000000000000) Importer(815301076,1909f56bfc062723c751e8b465ee728b)  -> (artifact id: 'e1a2c4dac9df7c17871e19a3b74f0e9f') in 0.036213 seconds
  Import took 0.069694 seconds .

========================================================================
Received Import Request.
  Time since last request: 0.014901 seconds.
  path: Assets/Scenes
  artifactKey: Guid(e4e913887d60158438fc25ed7ddcc1cc) Importer(815301076,1909f56bfc062723c751e8b465ee728b)
Start importing Assets/Scenes using Guid(e4e913887d60158438fc25ed7ddcc1cc) Importer(815301076,1909f56bfc062723c751e8b465ee728b)  -> (artifact id: '7de04bfd49121247eeab6b760fe311d6') in 0.008899 seconds
  Import took 0.018564 seconds .

========================================================================
Received Import Request.
  Time since last request: 0.399354 seconds.
  path: Assets/3D Asset
  artifactKey: Guid(20a8ed7ebbaf12a438f9cd95263b3d2d) Importer(815301076,1909f56bfc062723c751e8b465ee728b)
Start importing Assets/3D Asset using Guid(20a8ed7ebbaf12a438f9cd95263b3d2d) Importer(815301076,1909f56bfc062723c751e8b465ee728b)  -> (artifact id: 'c0d35bde3f6e20a267f86fa1f9a8f82e') in 0.011730 seconds
  Import took 0.014865 seconds .

========================================================================
Received Import Request.
  Time since last request: 68.313616 seconds.
  path: Assets/3D Asset/ArjunaBase.glb
  artifactKey: Guid(e825993f9ff628941b375dd3aaa8f169) Importer(815301076,1909f56bfc062723c751e8b465ee728b)
Start importing Assets/3D Asset/ArjunaBase.glb using Guid(e825993f9ff628941b375dd3aaa8f169) Importer(815301076,1909f56bfc062723c751e8b465ee728b)  -> (artifact id: 'fbbfc84141ee2d27488bb6a68aaad7bb') in 0.187175 seconds
  Import took 0.235780 seconds .

AssetImportWorkerClient::OnTransportError - code=2 error=End of file
