Using pre-set license
Built from '2020.2/release' branch; Version is '2020.2.1f1 (270dd8c3da1c) revision 2559448'; Using compiler version '192528614'; Build Type 'Release'
OS: 'Windows 10  (10.0.0) 64bit' Language: 'en' Physical Memory: 8150 MB
BatchMode: 1, IsHumanControllingUs: 0, StartBugReporterOnCrash: 0, Is64bit: 1, IsPro: 0

 COMMAND LINE ARGUMENTS:
C:\Program Files\Unity\Hub\Editor\2020.2.1f1\Editor\Unity.exe
-adb2
-batchMode
-noUpm
-name
AssetImportWorker0
-projectPath
C:/Users/notar/Documents/git/Dieng-Temple-App/Dieng Temple App
-logFile
Logs/AssetImportWorker0.log
-srvPort
59615
Successfully changed project path to: C:/Users/notar/Documents/git/Dieng-Temple-App/Dieng Temple App
C:/Users/notar/Documents/git/Dieng-Temple-App/Dieng Temple App
Using Asset Import Pipeline V2.
Refreshing native plugins compatible for Editor in 25.25 ms, found 0 plugins.
Preloading 0 native plugins for Editor in 0.00 ms.
Initialize engine version: 2020.2.1f1 (270dd8c3da1c)
[Subsystems] Discovering subsystems at path C:/Program Files/Unity/Hub/Editor/2020.2.1f1/Editor/Data/Resources/UnitySubsystems
[Subsystems] Discovering subsystems at path C:/Users/notar/Documents/git/Dieng-Temple-App/Dieng Temple App/Assets
GfxDevice: creating device client; threaded=0
Direct3D:
    Version:  Direct3D 11.0 [level 11.1]
    Renderer: Radeon(TM) RX 460 Graphics (ID=0x67ef)
    Vendor:   
    VRAM:     1993 MB
    Driver:   26.20.12028.2
Initialize mono
Mono path[0] = 'C:/Program Files/Unity/Hub/Editor/2020.2.1f1/Editor/Data/Managed'
Mono path[1] = 'C:/Program Files/Unity/Hub/Editor/2020.2.1f1/Editor/Data/MonoBleedingEdge/lib/mono/unityjit'
Mono config path = 'C:/Program Files/Unity/Hub/Editor/2020.2.1f1/Editor/Data/MonoBleedingEdge/etc'
Using monoOptions --debugger-agent=transport=dt_socket,embedding=1,server=y,suspend=n,address=127.0.0.1:56852
Begin MonoManager ReloadAssembly
Registering precompiled unity dll's ...
Register platform support module: C:/Program Files/Unity/Hub/Editor/2020.2.1f1/Editor/Data/PlaybackEngines/WindowsStandaloneSupport/UnityEditor.WindowsStandalone.Extensions.dll
Registered in 0.002006 seconds.
Native extension for WindowsStandalone target not found
Refreshing native plugins compatible for Editor in 23.15 ms, found 0 plugins.
Preloading 0 native plugins for Editor in 0.00 ms.
Invoked RoslynAnalysisRunner static constructor.
RoslynAnalysisRunner will not be running.
RoslynAnalysisRunner has terminated.
Mono: successfully reloaded assembly
- Completed reload, in  2.169 seconds
Platform modules already initialized, skipping
Registering precompiled user dll's ...
Registered in 0.000763 seconds.
Begin MonoManager ReloadAssembly
Native extension for WindowsStandalone target not found
Refreshing native plugins compatible for Editor in 0.20 ms, found 0 plugins.
Preloading 0 native plugins for Editor in 0.00 ms.
Invoked RoslynAnalysisRunner static constructor.
RoslynAnalysisRunner will not be running.
RoslynAnalysisRunner has terminated.
Mono: successfully reloaded assembly
- Completed reload, in  0.845 seconds
Platform modules already initialized, skipping
========================================================================
Worker process is ready to serve import requests
Launched and connected shader compiler UnityShaderCompiler.exe after 0.03 seconds
Refreshing native plugins compatible for Editor in 0.26 ms, found 0 plugins.
Preloading 0 native plugins for Editor in 0.00 ms.
Unloading 1094 Unused Serialized files (Serialized files now loaded: 0)
System memory in use before: 56.0 MB.
System memory in use after: 56.0 MB.

Unloading 10 unused Assets to reduce memory usage. Loaded Objects now: 1533.
Total: 2.002900 ms (FindLiveObjects: 0.153400 ms CreateObjectMapping: 0.168900 ms MarkObjects: 1.584100 ms  DeleteObjects: 0.095200 ms)

========================================================================
Received Import Request.
  path: Assets/3D Asset/ArjunaTop.glb
  artifactKey: Guid(fc9ef688ee66f664386f0b0ba029a00e) Importer(815301076,1909f56bfc062723c751e8b465ee728b)
Start importing Assets/3D Asset/ArjunaTop.glb using Guid(fc9ef688ee66f664386f0b0ba029a00e) Importer(815301076,1909f56bfc062723c751e8b465ee728b)  -> (artifact id: '60a5c48b09374b7b5fb2b3758c4457e2') in 0.080825 seconds
  Import took 0.082634 seconds .

========================================================================
Received Import Request.
  Time since last request: 303.348035 seconds.
  path: Assets/3D Asset/ArjunaBase.fbx
  artifactKey: Guid(237374474913dd14ebc82e8d143b5245) Importer(815301076,1909f56bfc062723c751e8b465ee728b)
Start importing Assets/3D Asset/ArjunaBase.fbx using Guid(237374474913dd14ebc82e8d143b5245) Importer(815301076,1909f56bfc062723c751e8b465ee728b)  -> (artifact id: 'cde652ec6d0fd722d9f6ab4260bc83be') in 1.187321 seconds
  Import took 1.192416 seconds .

========================================================================
Received Import Request.
  Time since last request: 0.000311 seconds.
  path: Assets/3D Asset/ArjunaTop.fbx
  artifactKey: Guid(768da3c3b88f356448540a3b2accea28) Importer(815301076,1909f56bfc062723c751e8b465ee728b)
Start importing Assets/3D Asset/ArjunaTop.fbx using Guid(768da3c3b88f356448540a3b2accea28) Importer(815301076,1909f56bfc062723c751e8b465ee728b)  -> (artifact id: 'ef02ae6bcf3a67ad146e2c0f7b431897') in 0.451989 seconds
  Import took 0.454427 seconds .

========================================================================
Received Import Request.
  Time since last request: 0.000283 seconds.
  path: Assets/3D Asset/ArjunaBody.fbx
  artifactKey: Guid(417688b3f813a0c4d8b4292e6122555d) Importer(815301076,1909f56bfc062723c751e8b465ee728b)
Start importing Assets/3D Asset/ArjunaBody.fbx using Guid(417688b3f813a0c4d8b4292e6122555d) Importer(815301076,1909f56bfc062723c751e8b465ee728b)  -> (artifact id: '6ef4aa91e6a0f3feb6c673dcce86545e') in 0.262293 seconds
  Import took 0.264575 seconds .

========================================================================
Received Import Request.
  Time since last request: 281.355287 seconds.
  path: Assets/3D Asset/CandiArjuna.fbx
  artifactKey: Guid(f5bbdbc5fc324634b9d5c0381acca4b1) Importer(815301076,1909f56bfc062723c751e8b465ee728b)
Start importing Assets/3D Asset/CandiArjuna.fbx using Guid(f5bbdbc5fc324634b9d5c0381acca4b1) Importer(815301076,1909f56bfc062723c751e8b465ee728b)  -> (artifact id: 'a1ec64ba780fa9b9419418e7573997c8') in 0.887312 seconds
  Import took 0.892058 seconds .

========================================================================
Received Import Request.
  Time since last request: 264.189182 seconds.
  path: Assets/3D Asset/ArjunaBase.fbx
  artifactKey: Guid(237374474913dd14ebc82e8d143b5245) Importer(815301076,1909f56bfc062723c751e8b465ee728b)
Start importing Assets/3D Asset/ArjunaBase.fbx using Guid(237374474913dd14ebc82e8d143b5245) Importer(815301076,1909f56bfc062723c751e8b465ee728b)  -> (artifact id: 'c89e3b4195ac987a80fd992ae14bfe29') in 0.058181 seconds
  Import took 0.060661 seconds .

========================================================================
Received Import Request.
  Time since last request: 0.000268 seconds.
  path: Assets/3D Asset/CandiArjuna.fbx
  artifactKey: Guid(f5bbdbc5fc324634b9d5c0381acca4b1) Importer(815301076,1909f56bfc062723c751e8b465ee728b)
Start importing Assets/3D Asset/CandiArjuna.fbx using Guid(f5bbdbc5fc324634b9d5c0381acca4b1) Importer(815301076,1909f56bfc062723c751e8b465ee728b)  -> (artifact id: 'ecede37e0723c411fc50090257be4fc3') in 0.034966 seconds
  Import took 0.037007 seconds .

========================================================================
Received Import Request.
  Time since last request: 0.000283 seconds.
  path: Assets/3D Asset/ArjunaTop.fbx
  artifactKey: Guid(768da3c3b88f356448540a3b2accea28) Importer(815301076,1909f56bfc062723c751e8b465ee728b)
Start importing Assets/3D Asset/ArjunaTop.fbx using Guid(768da3c3b88f356448540a3b2accea28) Importer(815301076,1909f56bfc062723c751e8b465ee728b)  -> (artifact id: '8c85ecfc3945229e4d546370e4007ca1') in 0.027945 seconds
  Import took 0.030139 seconds .

========================================================================
Received Import Request.
  Time since last request: 0.000254 seconds.
  path: Assets/3D Asset/ArjunaBody.fbx
  artifactKey: Guid(417688b3f813a0c4d8b4292e6122555d) Importer(815301076,1909f56bfc062723c751e8b465ee728b)
Start importing Assets/3D Asset/ArjunaBody.fbx using Guid(417688b3f813a0c4d8b4292e6122555d) Importer(815301076,1909f56bfc062723c751e8b465ee728b)  -> (artifact id: 'ce9735da28a0ec1e0ffc6397d043d974') in 0.026920 seconds
  Import took 0.030212 seconds .

========================================================================
Received Import Request.
  Time since last request: 0.003132 seconds.
  path: Assets/3D Asset/ArjunaBody.fbx
  artifactKey: Guid(417688b3f813a0c4d8b4292e6122555d) Importer(815301076,1909f56bfc062723c751e8b465ee728b)
Start importing Assets/3D Asset/ArjunaBody.fbx using Guid(417688b3f813a0c4d8b4292e6122555d) Importer(815301076,1909f56bfc062723c751e8b465ee728b)  -> (artifact id: 'ce9735da28a0ec1e0ffc6397d043d974') in 0.023678 seconds
  Import took 0.026220 seconds .

========================================================================
Received Import Request.
  Time since last request: 196.958493 seconds.
  path: Assets/Scenes/SampleScene.unity
  artifactKey: Guid(9fc0d4010bbf28b4594072e72b8655ab) Importer(815301076,1909f56bfc062723c751e8b465ee728b)
Start importing Assets/Scenes/SampleScene.unity using Guid(9fc0d4010bbf28b4594072e72b8655ab) Importer(815301076,1909f56bfc062723c751e8b465ee728b)  -> (artifact id: '8dae8161ff0fe5e6b71bfb90dcc7dc46') in 0.009370 seconds
  Import took 0.012068 seconds .

========================================================================
Received Import Request.
  Time since last request: 6.317856 seconds.
  path: Assets/Scenes/Cobi.unity
  artifactKey: Guid(9fc0d4010bbf28b4594072e72b8655ab) Importer(815301076,1909f56bfc062723c751e8b465ee728b)
Start importing Assets/Scenes/Cobi.unity using Guid(9fc0d4010bbf28b4594072e72b8655ab) Importer(815301076,1909f56bfc062723c751e8b465ee728b)  -> (artifact id: '47ae43a96f828e5a7696a94d446ce8dc') in 0.013534 seconds
  Import took 0.017661 seconds .

========================================================================
Received Import Request.
  Time since last request: 0.000569 seconds.
  path: Assets/Scenes/Cobi.unity
  artifactKey: Guid(9fc0d4010bbf28b4594072e72b8655ab) Importer(815301076,1909f56bfc062723c751e8b465ee728b)
Start importing Assets/Scenes/Cobi.unity using Guid(9fc0d4010bbf28b4594072e72b8655ab) Importer(815301076,1909f56bfc062723c751e8b465ee728b)  -> (artifact id: '47ae43a96f828e5a7696a94d446ce8dc') in 0.005785 seconds
  Import took 0.010683 seconds .

========================================================================
Received Prepare
Registering precompiled user dll's ...
Registered in 0.000962 seconds.
Begin MonoManager ReloadAssembly
Native extension for WindowsStandalone target not found
Refreshing native plugins compatible for Editor in 0.24 ms, found 0 plugins.
Preloading 0 native plugins for Editor in 0.00 ms.
Invoked RoslynAnalysisRunner static constructor.
RoslynAnalysisRunner will not be running.
RoslynAnalysisRunner has terminated.
Mono: successfully reloaded assembly
- Completed reload, in  0.917 seconds
Platform modules already initialized, skipping
Refreshing native plugins compatible for Editor in 0.20 ms, found 0 plugins.
Preloading 0 native plugins for Editor in 0.00 ms.
Unloading 1089 Unused Serialized files (Serialized files now loaded: 0)
System memory in use before: 60.5 MB.
System memory in use after: 60.6 MB.

Unloading 5 unused Assets to reduce memory usage. Loaded Objects now: 1580.
Total: 1.849100 ms (FindLiveObjects: 0.132900 ms CreateObjectMapping: 0.038100 ms MarkObjects: 1.615300 ms  DeleteObjects: 0.061500 ms)

AssetImportWorkerClient::OnTransportError - code=2 error=End of file
